2022-02-15 00:09:09,621 [Worker-6: Loading available Gradle versions] INFO  o.e.b.c.i.u.g.PublishedGradleVersions - Gradle version information cache is up-to-date. Trying to read.
2022-07-02 15:50:44,208 [Worker-1: Loading available Gradle versions] INFO  o.e.b.c.i.u.g.PublishedGradleVersions - Gradle version information cache is up-to-date. Trying to read.
2022-07-02 15:51:52,963 [Worker-43: Building] INFO  o.e.m.c.i.l.LifecycleMappingFactory - Using org.eclipse.m2e.jdt.JarLifecycleMapping lifecycle mapping for MavenProject: it.uniroma3.siw:siw-spring-demo:0.0.1-SNAPSHOT @ C:\Users\Matteo Romeo\eclipse-workspace\concerto-project\Concerti-siw\pom.xml.
2022-07-02 15:51:52,963 [Worker-104: Updating Maven Dependencies] INFO  o.e.m.c.i.l.LifecycleMappingFactory - Using org.eclipse.m2e.jdt.JarLifecycleMapping lifecycle mapping for MavenProject: it.uniroma3.siw:siw-spring-demo:0.0.1-SNAPSHOT @ C:\Users\Matteo Romeo\eclipse-workspace\concerto-project\Concerti-siw\pom.xml.
2022-07-02 15:51:55,879 [Worker-43: Building] INFO  o.e.m.c.i.embedder.EclipseLogger - Using 'UTF-8' encoding to copy filtered resources.
2022-07-02 15:51:55,885 [Worker-43: Building] INFO  o.e.m.c.i.embedder.EclipseLogger - Copying 1 resource
2022-07-02 15:51:55,910 [Worker-43: Building] INFO  o.e.m.c.i.embedder.EclipseLogger - Copying 27 resources
2022-07-02 15:51:56,294 [Worker-43: Building] INFO  o.e.m.c.i.embedder.EclipseLogger - Using 'UTF-8' encoding to copy filtered resources.
2022-07-02 15:51:56,295 [Worker-43: Building] INFO  o.e.m.c.i.embedder.EclipseLogger - skip non existing resourceDirectory C:\Users\Matteo Romeo\eclipse-workspace\concerto-project\Concerti-siw\src\test\resources
2022-07-02 15:51:59,242 [Worker-110: Updating Maven Dependencies] INFO  o.e.m.c.i.l.LifecycleMappingFactory - Using org.eclipse.m2e.jdt.JarLifecycleMapping lifecycle mapping for MavenProject: it.uniroma3.siw:siw-spring-demo:0.0.1-SNAPSHOT @ C:\Users\Matteo Romeo\eclipse-workspace\concerto-project\Concerti-siw\pom.xml.
2022-07-02 15:51:59,732 [Worker-108: Building] INFO  o.e.m.c.i.embedder.EclipseLogger - Using 'UTF-8' encoding to copy filtered resources.
2022-07-02 15:51:59,755 [Worker-108: Building] INFO  o.e.m.c.i.embedder.EclipseLogger - Copying 1 resource
2022-07-02 15:51:59,790 [Worker-108: Building] INFO  o.e.m.c.i.embedder.EclipseLogger - Copying 27 resources
2022-07-02 15:51:59,970 [Worker-108: Building] INFO  o.e.m.c.i.embedder.EclipseLogger - Using 'UTF-8' encoding to copy filtered resources.
2022-07-02 15:51:59,970 [Worker-108: Building] INFO  o.e.m.c.i.embedder.EclipseLogger - skip non existing resourceDirectory C:\Users\Matteo Romeo\eclipse-workspace\concerto-project\Concerti-siw\src\test\resources
2022-07-02 15:52:02,592 [Worker-96: Building] INFO  o.e.m.c.i.embedder.EclipseLogger - Using 'UTF-8' encoding to copy filtered resources.
2022-07-02 15:52:02,593 [Worker-96: Building] INFO  o.e.m.c.i.embedder.EclipseLogger - Copying 0 resource
2022-07-02 15:52:02,594 [Worker-96: Building] INFO  o.e.m.c.i.embedder.EclipseLogger - Copying 0 resource
2022-07-02 15:52:02,597 [Worker-96: Building] INFO  o.e.m.c.i.embedder.EclipseLogger - Using 'UTF-8' encoding to copy filtered resources.
2022-07-02 15:52:02,597 [Worker-96: Building] INFO  o.e.m.c.i.embedder.EclipseLogger - skip non existing resourceDirectory C:\Users\Matteo Romeo\eclipse-workspace\concerto-project\Concerti-siw\src\test\resources
